0 info it worked if it ends with ok
1 verbose cli [ 'node', '/usr/local/bin/npm', 'install' ]
2 info using npm@1.4.28
3 info using node@v0.10.32
4 verbose readDependencies using package.json deps
5 verbose install where, deps [ '/Users/Flinn/workspace/naturehack', [] ]
6 info preinstall naturehack@1.0.0
7 verbose readDependencies using package.json deps
8 silly resolved []
9 info build /Users/Flinn/workspace/naturehack
10 verbose linkStuff [ false, false, false, '/Users/Flinn/workspace' ]
11 info linkStuff naturehack@1.0.0
12 verbose linkBins naturehack@1.0.0
13 verbose linkMans naturehack@1.0.0
14 verbose rebuildBundles naturehack@1.0.0
15 verbose rebuildBundles [ '.DS_Store', 'newzealandorganismsregisterlib' ]
16 verbose rebuild bundle /Users/Flinn/workspace/naturehack/node_modules/newzealandorganismsregisterlib
17 info build /Users/Flinn/workspace/naturehack/node_modules/newzealandorganismsregisterlib
18 error Failed to parse json
18 error Unexpected token
19 error File: /Users/Flinn/workspace/naturehack/node_modules/newzealandorganismsregisterlib/package.json
20 error Failed to parse package.json data.
20 error package.json must be actual JSON, not just JavaScript.
20 error
20 error This is not a bug in npm.
20 error Tell the package author to fix their package.json file. JSON.parse
21 error System Darwin 10.8.0
22 error command "node" "/usr/local/bin/npm" "install"
23 error cwd /Users/Flinn/workspace/naturehack
24 error node -v v0.10.32
25 error npm -v 1.4.28
26 error file /Users/Flinn/workspace/naturehack/node_modules/newzealandorganismsregisterlib/package.json
27 error code EJSONPARSE
28 verbose exit [ 1, true ]
